Unity Editor version:    2021.3.11f1 (0a5ca18544bf)
Branch:                  2021.3/staging
Build type:              Release
Batch mode:              YES
macOS version:           Version 13.1 (Build 22C65)
Darwin version:          22.2.0
Architecture:            arm64
Running under Rosetta:   NO
Available memory:        16384 MB
Using pre-set license
Pro License: YES

COMMAND LINE ARGUMENTS:
/Applications/Unity/Hub/Editor/2021.3.11f1/Unity.app/Contents/MacOS/Unity
-adb2
-batchMode
-noUpm
-name
AssetImportWorker0
-projectPath
/Users/allen/Documents/Code Challenges/test3
-logFile
Logs/AssetImportWorker0.log
-srvPort
56334
Successfully changed project path to: /Users/allen/Documents/Code Challenges/test3
/Users/allen/Documents/Code Challenges/test3
[UnityMemory] Configuration Parameters - Can be set up in boot.config
    "memorysetup-bucket-allocator-granularity=16"
    "memorysetup-bucket-allocator-bucket-count=8"
    "memorysetup-bucket-allocator-block-size=33554432"
    "memorysetup-bucket-allocator-block-count=8"
    "memorysetup-main-allocator-block-size=16777216"
    "memorysetup-thread-allocator-block-size=16777216"
    "memorysetup-gfx-main-allocator-block-size=16777216"
    "memorysetup-gfx-thread-allocator-block-size=16777216"
    "memorysetup-cache-allocator-block-size=4194304"
    "memorysetup-typetree-allocator-block-size=2097152"
    "memorysetup-profiler-bucket-allocator-granularity=16"
    "memorysetup-profiler-bucket-allocator-bucket-count=8"
    "memorysetup-profiler-bucket-allocator-block-size=33554432"
    "memorysetup-profiler-bucket-allocator-block-count=8"
    "memorysetup-profiler-allocator-block-size=16777216"
    "memorysetup-profiler-editor-allocator-block-size=1048576"
    "memorysetup-temp-allocator-size-main=16777216"
    "memorysetup-job-temp-allocator-block-size=2097152"
    "memorysetup-job-temp-allocator-block-size-background=1048576"
    "memorysetup-job-temp-allocator-reduction-small-platforms=262144"
    "memorysetup-temp-allocator-size-background-worker=32768"
    "memorysetup-temp-allocator-size-job-worker=262144"
    "memorysetup-temp-allocator-size-preload-manager=33554432"
    "memorysetup-temp-allocator-size-nav-mesh-worker=65536"
    "memorysetup-temp-allocator-size-audio-worker=65536"
    "memorysetup-temp-allocator-size-cloud-worker=32768"
    "memorysetup-temp-allocator-size-gi-baking-worker=262144"
    "memorysetup-temp-allocator-size-gfx=262144"
Refreshing native plugins compatible for Editor in 83.35 ms, found 2 plugins.
Preloading 0 native plugins for Editor in 0.00 ms.
Initialize engine version: 2021.3.11f1 (0a5ca18544bf)
[Subsystems] Discovering subsystems at path /Applications/Unity/Hub/Editor/2021.3.11f1/Unity.app/Contents/Resources/UnitySubsystems
[Subsystems] Discovering subsystems at path /Users/allen/Documents/Code Challenges/test3/Assets
GfxDevice: creating device client; threaded=0; jobified=0
 preferred device: Apple M1 Pro (high power)
Metal devices available: 1
0: Apple M1 Pro (high power)
Using device Apple M1 Pro (high power)
Initializing Metal device caps: Apple M1 Pro
Initialize mono
Mono path[0] = '/Applications/Unity/Hub/Editor/2021.3.11f1/Unity.app/Contents/Managed'
Mono path[1] = '/Applications/Unity/Hub/Editor/2021.3.11f1/Unity.app/Contents/MonoBleedingEdge/lib/mono/unityjit-macos'
Mono config path = '/Applications/Unity/Hub/Editor/2021.3.11f1/Unity.app/Contents/MonoBleedingEdge/etc'
Using monoOptions --debugger-agent=transport=dt_socket,embedding=1,server=y,suspend=n,address=127.0.0.1:56961
Begin MonoManager ReloadAssembly
Registering precompiled unity dll's ...
Register platform support module: /Applications/Unity/Hub/Editor/2021.3.11f1/Unity.app/Contents/PlaybackEngines/MacStandaloneSupport/UnityEditor.OSXStandalone.Extensions.dll
Register platform support module: /Applications/Unity/Hub/Editor/2021.3.11f1/PlaybackEngines/AndroidPlayer/UnityEditor.Android.Extensions.dll
Registered in 0.001821 seconds.
Native extension for Android target not found
Native extension for OSXStandalone target not found
Refreshing native plugins compatible for Editor in 82.90 ms, found 2 plugins.
Preloading 0 native plugins for Editor in 0.00 ms.
Mono: successfully reloaded assembly
- Completed reload, in  0.486 seconds
Domain Reload Profiling:
	ReloadAssembly (486ms)
		BeginReloadAssembly (78ms)
			ExecutionOrderSort (0ms)
			DisableScriptedObjects (0ms)
			BackupInstance (0ms)
			ReleaseScriptingObjects (0ms)
			CreateAndSetChildDomain (0ms)
		EndReloadAssembly (332ms)
			LoadAssemblies (79ms)
			RebuildTransferFunctionScriptingTraits (0ms)
			SetupTypeCache (81ms)
			ReleaseScriptCaches (0ms)
			RebuildScriptCaches (21ms)
			SetupLoadedEditorAssemblies (198ms)
				LogAssemblyErrors (0ms)
				InitializePlatformSupportModulesInManaged (34ms)
				SetLoadedEditorAssemblies (0ms)
				RefreshPlugins (83ms)
				BeforeProcessingInitializeOnLoad (1ms)
				ProcessInitializeOnLoadAttributes (53ms)
				ProcessInitializeOnLoadMethodAttributes (26ms)
				AfterProcessingInitializeOnLoad (0ms)
				EditorAssembliesLoaded (0ms)
			ExecutionOrderSort2 (0ms)
			AwakeInstancesAfterBackupRestoration (0ms)
Platform modules already initialized, skipping
Registering precompiled user dll's ...
Registered in 0.002774 seconds.
Begin MonoManager ReloadAssembly
Symbol file LoadedFromMemory doesn't match image /Users/allen/Documents/Code Challenges/test3/Library/PackageCache/com.unity.visualscripting@1.7.8/Editor/VisualScripting.Core/Dependencies/YamlDotNet/Unity.VisualScripting.YamlDotNet.dll
Symbol file LoadedFromMemory doesn't match image /Users/allen/Documents/Code Challenges/test3/Library/PackageCache/com.unity.visualscripting@1.7.8/Editor/VisualScripting.Core/Dependencies/DotNetZip/Unity.VisualScripting.IonicZip.dll
Native extension for Android target not found
Native extension for OSXStandalone target not found
Refreshing native plugins compatible for Editor in 0.45 ms, found 2 plugins.
Preloading 0 native plugins for Editor in 0.00 ms.
Mono: successfully reloaded assembly
- Completed reload, in  0.799 seconds
Domain Reload Profiling:
	ReloadAssembly (799ms)
		BeginReloadAssembly (166ms)
			ExecutionOrderSort (0ms)
			DisableScriptedObjects (4ms)
			BackupInstance (0ms)
			ReleaseScriptingObjects (0ms)
			CreateAndSetChildDomain (122ms)
		EndReloadAssembly (555ms)
			LoadAssemblies (51ms)
			RebuildTransferFunctionScriptingTraits (0ms)
			SetupTypeCache (195ms)
			ReleaseScriptCaches (2ms)
			RebuildScriptCaches (38ms)
			SetupLoadedEditorAssemblies (239ms)
				LogAssemblyErrors (0ms)
				InitializePlatformSupportModulesInManaged (8ms)
				SetLoadedEditorAssemblies (0ms)
				RefreshPlugins (0ms)
				BeforeProcessingInitializeOnLoad (62ms)
				ProcessInitializeOnLoadAttributes (149ms)
				ProcessInitializeOnLoadMethodAttributes (18ms)
				AfterProcessingInitializeOnLoad (1ms)
				EditorAssembliesLoaded (0ms)
			ExecutionOrderSort2 (0ms)
			AwakeInstancesAfterBackupRestoration (2ms)
Platform modules already initialized, skipping
========================================================================
Worker process is ready to serve import requests
Launching external process: /Applications/Unity/Hub/Editor/2021.3.11f1/Unity.app/Contents/Tools/UnityShaderCompiler
Launched and connected shader compiler UnityShaderCompiler after 0.06 seconds
Refreshing native plugins compatible for Editor in 0.45 ms, found 2 plugins.
Preloading 0 native plugins for Editor in 0.00 ms.
Unloading 3417 Unused Serialized files (Serialized files now loaded: 0)
Unloading 27 unused Assets / (84.9 KB). Loaded Objects now: 3876.
Memory consumption went from 96.4 MB to 96.3 MB.
Total: 2.632584 ms (FindLiveObjects: 0.115334 ms CreateObjectMapping: 0.044709 ms MarkObjects: 2.378458 ms  DeleteObjects: 0.093334 ms)

AssetImportParameters requested are different than current active one (requested -> active):
  custom:video-decoder-ogg-theora: a1e56fd34408186e4bbccfd4996cb3dc -> 
  custom:container-muxer-webm: aa71ff27fc2769a1b78a27578f13a17b -> 
  custom:container-demuxer-webm: 4f35f7cbe854078d1ac9338744f61a02 -> 
  custom:video-encoder-webm-vp8: eb34c28f22e8b96e1ab97ce403110664 -> 
  custom:framework-osx-AVFoundation: e770b220cccbd017edd2c1fefb359320 -> 
  custom:audio-encoder-webm-vorbis: bf7c407c2cedff20999df2af8eb42d56 -> 
  custom:container-demuxer-ogg: 62fdf1f143b41e24485cea50d1cbac27 -> 
  custom:video-decoder-webm-vp8: 9c59270c3fd7afecdb556c50c9e8de78 -> 
  custom:audio-decoder-ogg-vorbis: bf7c407c2cedff20999df2af8eb42d56 -> 
========================================================================
Received Import Request.
  Time since last request: 107712.756351 seconds.
  path: Assets/Examine System/Additional Packages
  artifactKey: Guid(e96b658da34704943848d67a8f046e01) Importer(815301076,1909f56bfc062723c751e8b465ee728b)
Start importing Assets/Examine System/Additional Packages using Guid(e96b658da34704943848d67a8f046e01) Importer(815301076,1909f56bfc062723c751e8b465ee728b)  -> (artifact id: '3f95a924e13e0333253aabdd42249d46') in 0.004771 seconds 
========================================================================
Received Import Request.
  Time since last request: 0.000057 seconds.
  path: Assets/Examine System
  artifactKey: Guid(cc094471129732b4baa3f1ccadc8efc1) Importer(815301076,1909f56bfc062723c751e8b465ee728b)
Start importing Assets/Examine System using Guid(cc094471129732b4baa3f1ccadc8efc1) Importer(815301076,1909f56bfc062723c751e8b465ee728b)  -> (artifact id: 'b2fd8962c5c6215f2b40a5c537e6c2f2') in 0.000460 seconds 
========================================================================
Received Import Request.
  Time since last request: 0.445872 seconds.
  path: Assets/Examine System/Scenes
  artifactKey: Guid(be8a1dc0a10de1e44b6c1b4338671578) Importer(815301076,1909f56bfc062723c751e8b465ee728b)
Start importing Assets/Examine System/Scenes using Guid(be8a1dc0a10de1e44b6c1b4338671578) Importer(815301076,1909f56bfc062723c751e8b465ee728b)  -> (artifact id: 'f708fba77ac5b56714db176e777447ce') in 0.000865 seconds 
========================================================================
Received Import Request.
  Time since last request: 1.216797 seconds.
  path: Assets/Examine System/Scenes/Examine System Demo
  artifactKey: Guid(432d4ae31a37c5c47bd7895fc506a8e7) Importer(815301076,1909f56bfc062723c751e8b465ee728b)
Start importing Assets/Examine System/Scenes/Examine System Demo using Guid(432d4ae31a37c5c47bd7895fc506a8e7) Importer(815301076,1909f56bfc062723c751e8b465ee728b)  -> (artifact id: '306b4985217c547590f044da1e355430') in 0.000555 seconds 
========================================================================
Received Import Request.
  Time since last request: 0.646015 seconds.
  path: Assets/Examine System/Scenes/Examine System Demo.unity
  artifactKey: Guid(dc9c15ebaa828064484456e5c5834b60) Importer(815301076,1909f56bfc062723c751e8b465ee728b)
Start importing Assets/Examine System/Scenes/Examine System Demo.unity using Guid(dc9c15ebaa828064484456e5c5834b60) Importer(815301076,1909f56bfc062723c751e8b465ee728b)  -> (artifact id: 'deb608d989cf3c937bcf1dfc7599da9c') in 0.000539 seconds 
========================================================================
Received Import Request.
  Time since last request: 0.573172 seconds.
  path: Assets/Examine System/Scenes/Examine System Demo/LightingData.asset
  artifactKey: Guid(abd5f955a133f0c49ab78cff3a37e3e8) Importer(815301076,1909f56bfc062723c751e8b465ee728b)
Start importing Assets/Examine System/Scenes/Examine System Demo/LightingData.asset using Guid(abd5f955a133f0c49ab78cff3a37e3e8) Importer(815301076,1909f56bfc062723c751e8b465ee728b)  -> (artifact id: '482267a6b47d065dc3a8978e527856dd') in 0.081241 seconds 
========================================================================
Received Import Request.
  Time since last request: 0.000044 seconds.
  path: Assets/Examine System/Scenes/Examine System Demo/ReflectionProbe-1.exr
  artifactKey: Guid(eb042dfae8bfddb4888e65221f331f64) Importer(815301076,1909f56bfc062723c751e8b465ee728b)
Start importing Assets/Examine System/Scenes/Examine System Demo/ReflectionProbe-1.exr using Guid(eb042dfae8bfddb4888e65221f331f64) Importer(815301076,1909f56bfc062723c751e8b465ee728b)  -> (artifact id: '9773919bfd1623ae46459426200203eb') in 1.011148 seconds 
